000 (1167.160.000) 09/29 17:24:37 Job submitted from host: <134.75.123.129:9618?addrs=134.75.123.129-9618&noUDP&sock=11516_98bb_3>
...
001 (1167.160.000) 09/29 17:25:11 Job executing on host: <134.75.123.132:9618?addrs=134.75.123.132-9618&noUDP&sock=12436_a3dd_3>
...
006 (1167.160.000) 09/29 17:25:17 Image size of job updated: 2388
	0  -  MemoryUsage of job (MB)
	0  -  ResidentSetSize of job (KB)
...
005 (1167.160.000) 09/29 17:25:34 Job terminated.
	(1) Normal termination (return value 0)
		Usr 0 00:00:01, Sys 0 00:00:00  -  Run Remote Usage
		Usr 0 00:00:00, Sys 0 00:00:00  -  Run Local Usage
		Usr 0 00:00:01, Sys 0 00:00:00  -  Total Remote Usage
		Usr 0 00:00:00, Sys 0 00:00:00  -  Total Local Usage
	144733  -  Run Bytes Sent By Job
	43346792  -  Run Bytes Received By Job
	144733  -  Total Bytes Sent By Job
	43346792  -  Total Bytes Received By Job
	Partitionable Resources :    Usage  Request Allocated 
	   Cpus                 :        0        1         1 
	   Disk (KB)            :    42488    42500    313937 
	   Memory (MB)          :        0     3072      3072 
...
