000 (1167.017.000) 09/29 17:24:37 Job submitted from host: <134.75.123.129:9618?addrs=134.75.123.129-9618&noUDP&sock=11516_98bb_3>
...
001 (1167.017.000) 09/29 17:24:51 Job executing on host: <134.75.123.136:9618?addrs=134.75.123.136-9618&noUDP&sock=12698_59ad_3>
...
006 (1167.017.000) 09/29 17:24:59 Image size of job updated: 16212
	16  -  MemoryUsage of job (MB)
	15664  -  ResidentSetSize of job (KB)
...
006 (1167.017.000) 09/29 17:25:03 Image size of job updated: 745520
	16  -  MemoryUsage of job (MB)
	15668  -  ResidentSetSize of job (KB)
...
005 (1167.017.000) 09/29 17:25:21 Job terminated.
	(1) Normal termination (return value 0)
		Usr 0 00:00:02, Sys 0 00:00:01  -  Run Remote Usage
		Usr 0 00:00:00, Sys 0 00:00:00  -  Run Local Usage
		Usr 0 00:00:02, Sys 0 00:00:01  -  Total Remote Usage
		Usr 0 00:00:00, Sys 0 00:00:00  -  Total Local Usage
	144108  -  Run Bytes Sent By Job
	43346792  -  Run Bytes Received By Job
	144108  -  Total Bytes Sent By Job
	43346792  -  Total Bytes Received By Job
	Partitionable Resources :    Usage  Request Allocated 
	   Cpus                 :        0        1         1 
	   Disk (KB)            :    42487    42500    313938 
	   Memory (MB)          :       16     3072      3072 
...
