000 (1167.003.000) 09/29 17:24:37 Job submitted from host: <134.75.123.129:9618?addrs=134.75.123.129-9618&noUDP&sock=11516_98bb_3>
...
001 (1167.003.000) 09/29 17:24:50 Job executing on host: <134.75.123.137:9618?addrs=134.75.123.137-9618&noUDP&sock=12495_1bf3_3>
...
006 (1167.003.000) 09/29 17:24:58 Image size of job updated: 49972
	49  -  MemoryUsage of job (MB)
	49396  -  ResidentSetSize of job (KB)
...
006 (1167.003.000) 09/29 17:24:59 Image size of job updated: 745460
	49  -  MemoryUsage of job (MB)
	49588  -  ResidentSetSize of job (KB)
...
005 (1167.003.000) 09/29 17:25:11 Job terminated.
	(1) Normal termination (return value 0)
		Usr 0 00:00:02, Sys 0 00:00:01  -  Run Remote Usage
		Usr 0 00:00:00, Sys 0 00:00:00  -  Run Local Usage
		Usr 0 00:00:02, Sys 0 00:00:01  -  Total Remote Usage
		Usr 0 00:00:00, Sys 0 00:00:00  -  Total Local Usage
	144931  -  Run Bytes Sent By Job
	43346792  -  Run Bytes Received By Job
	144931  -  Total Bytes Sent By Job
	43346792  -  Total Bytes Received By Job
	Partitionable Resources :    Usage  Request Allocated 
	   Cpus                 :     0.01        1         1 
	   Disk (KB)            : 42488       42500    313937 
	   Memory (MB)          :    49        3072      3072 
...
