000 (1167.419.000) 09/29 17:24:38 Job submitted from host: <134.75.123.129:9618?addrs=134.75.123.129-9618&noUDP&sock=11516_98bb_3>
...
001 (1167.419.000) 09/29 17:25:37 Job executing on host: <134.75.123.129:9618?addrs=134.75.123.129-9618&noUDP&sock=11516_98bb_5>
...
006 (1167.419.000) 09/29 17:25:41 Image size of job updated: 745536
	0  -  MemoryUsage of job (MB)
	0  -  ResidentSetSize of job (KB)
...
005 (1167.419.000) 09/29 17:25:48 Job terminated.
	(1) Normal termination (return value 0)
		Usr 0 00:00:01, Sys 0 00:00:00  -  Run Remote Usage
		Usr 0 00:00:00, Sys 0 00:00:00  -  Run Local Usage
		Usr 0 00:00:01, Sys 0 00:00:00  -  Total Remote Usage
		Usr 0 00:00:00, Sys 0 00:00:00  -  Total Local Usage
	143761  -  Run Bytes Sent By Job
	43346792  -  Run Bytes Received By Job
	143761  -  Total Bytes Sent By Job
	43346792  -  Total Bytes Received By Job
	Partitionable Resources :    Usage  Request Allocated 
	   Cpus                 :        0        1         1 
	   Disk (KB)            :    42486    42500    258912 
	   Memory (MB)          :        0     3072      3072 
...
