000 (1167.452.000) 09/29 17:24:38 Job submitted from host: <134.75.123.129:9618?addrs=134.75.123.129-9618&noUDP&sock=11516_98bb_3>
...
001 (1167.452.000) 09/29 17:25:42 Job executing on host: <134.75.123.131:9618?addrs=134.75.123.131-9618&noUDP&sock=12725_debb_3>
...
006 (1167.452.000) 09/29 17:25:48 Image size of job updated: 745516
	0  -  MemoryUsage of job (MB)
	0  -  ResidentSetSize of job (KB)
...
005 (1167.452.000) 09/29 17:25:50 Job terminated.
	(1) Normal termination (return value 0)
		Usr 0 00:00:03, Sys 0 00:00:01  -  Run Remote Usage
		Usr 0 00:00:00, Sys 0 00:00:00  -  Run Local Usage
		Usr 0 00:00:03, Sys 0 00:00:01  -  Total Remote Usage
		Usr 0 00:00:00, Sys 0 00:00:00  -  Total Local Usage
	142272  -  Run Bytes Sent By Job
	43346792  -  Run Bytes Received By Job
	142272  -  Total Bytes Sent By Job
	43346792  -  Total Bytes Received By Job
	Partitionable Resources :    Usage  Request Allocated 
	   Cpus                 :     0.00        1         1 
	   Disk (KB)            : 42485       42500    313939 
	   Memory (MB)          :     0        3072      3072 
...
